2020-06-07 14:29:17 Notice: Notice (8): Undefined property: Cake\Http\ServerRequest::$here in [/opt/lampp/htdocs/turnieje/templates/Users/display.php, line 19]
Request URL: /login
Client IP: 127.0.0.1
Trace:
Cake\Error\BaseErrorHandler::handleError() - CORE/src/Error/BaseErrorHandler.php, line 188
DebugKit\Plugin::DebugKit\{closure}() - ROOT/vendor/cakephp/debug_kit/src/Plugin.php, line 105
include - ROOT/templates/Users/display.php, line 19
Cake\View\View::_evaluate() - CORE/src/View/View.php, line 1160
Cake\View\View::_render() - CORE/src/View/View.php, line 1121
Cake\View\View::render() - CORE/src/View/View.php, line 751
Cake\Controller\Controller::render() - CORE/src/Controller/Controller.php, line 688
Cake\Controller\Controller::invokeAction() - CORE/src/Controller/Controller.php, line 530
Cake\Controller\ControllerFactory::invoke() - CORE/src/Controller/ControllerFactory.php, line 79
Cake\Http\BaseApplication::handle() - CORE/src/Http/BaseApplication.php, line 229
Cake\Http\Runner::handle() - CORE/src/Http/Runner.php, line 77
Cake\Http\Middleware\BodyParserMiddleware::process() - CORE/src/Http/Middleware/BodyParserMiddleware.php, line 159
Cake\Http\Runner::handle() - CORE/src/Http/Runner.php, line 73
Cake\Http\Runner::handle() - CORE/src/Http/Runner.php, line 77
Cake\Http\Middleware\CsrfProtectionMiddleware::process() - CORE/src/Http/Middleware/CsrfProtectionMiddleware.php, line 138
Cake\Http\Runner::handle() - CORE/src/Http/Runner.php, line 73
Cake\Http\Runner::run() - CORE/src/Http/Runner.php, line 58
Cake\Routing\Middleware\RoutingMiddleware::process() - CORE/src/Routing/Middleware/RoutingMiddleware.php, line 166
Cake\Http\Runner::handle() - CORE/src/Http/Runner.php, line 73
Cake\Routing\Middleware\AssetMiddleware::process() - CORE/src/Routing/Middleware/AssetMiddleware.php, line 68
Cake\Http\Runner::handle() - CORE/src/Http/Runner.php, line 73
Cake\Error\Middleware\ErrorHandlerMiddleware::process() - CORE/src/Error/Middleware/ErrorHandlerMiddleware.php, line 119
Cake\Http\Runner::handle() - CORE/src/Http/Runner.php, line 73
DebugKit\Middleware\DebugKitMiddleware::process() - ROOT/vendor/cakephp/debug_kit/src/Middleware/DebugKitMiddleware.php, line 60
Cake\Http\Runner::handle() - CORE/src/Http/Runner.php, line 73
Cake\Http\Runner::run() - CORE/src/Http/Runner.php, line 58
Cake\Http\Server::run() - CORE/src/Http/Server.php, line 90
[main] - ROOT/webroot/index.php, line 40



2020-06-07 14:31:18 Notice: Notice (8): Undefined property: Cake\Http\ServerRequest::$here in [/opt/lampp/htdocs/turnieje/templates/Users/display.php, line 19]
Request URL: /login
Client IP: 127.0.0.1
Trace:
Cake\Error\BaseErrorHandler::handleError() - CORE/src/Error/BaseErrorHandler.php, line 188
DebugKit\Plugin::DebugKit\{closure}() - ROOT/vendor/cakephp/debug_kit/src/Plugin.php, line 105
include - ROOT/templates/Users/display.php, line 19
Cake\View\View::_evaluate() - CORE/src/View/View.php, line 1160
Cake\View\View::_render() - CORE/src/View/View.php, line 1121
Cake\View\View::render() - CORE/src/View/View.php, line 751
Cake\Controller\Controller::render() - CORE/src/Controller/Controller.php, line 688
Cake\Controller\Controller::invokeAction() - CORE/src/Controller/Controller.php, line 530
Cake\Controller\ControllerFactory::invoke() - CORE/src/Controller/ControllerFactory.php, line 79
Cake\Http\BaseApplication::handle() - CORE/src/Http/BaseApplication.php, line 229
Cake\Http\Runner::handle() - CORE/src/Http/Runner.php, line 77
Cake\Http\Middleware\BodyParserMiddleware::process() - CORE/src/Http/Middleware/BodyParserMiddleware.php, line 159
Cake\Http\Runner::handle() - CORE/src/Http/Runner.php, line 73
Cake\Http\Runner::handle() - CORE/src/Http/Runner.php, line 77
Cake\Http\Middleware\CsrfProtectionMiddleware::process() - CORE/src/Http/Middleware/CsrfProtectionMiddleware.php, line 138
Cake\Http\Runner::handle() - CORE/src/Http/Runner.php, line 73
Cake\Http\Runner::run() - CORE/src/Http/Runner.php, line 58
Cake\Routing\Middleware\RoutingMiddleware::process() - CORE/src/Routing/Middleware/RoutingMiddleware.php, line 166
Cake\Http\Runner::handle() - CORE/src/Http/Runner.php, line 73
Cake\Routing\Middleware\AssetMiddleware::process() - CORE/src/Routing/Middleware/AssetMiddleware.php, line 68
Cake\Http\Runner::handle() - CORE/src/Http/Runner.php, line 73
Cake\Error\Middleware\ErrorHandlerMiddleware::process() - CORE/src/Error/Middleware/ErrorHandlerMiddleware.php, line 119
Cake\Http\Runner::handle() - CORE/src/Http/Runner.php, line 73
DebugKit\Middleware\DebugKitMiddleware::process() - ROOT/vendor/cakephp/debug_kit/src/Middleware/DebugKitMiddleware.php, line 60
Cake\Http\Runner::handle() - CORE/src/Http/Runner.php, line 73
Cake\Http\Runner::run() - CORE/src/Http/Runner.php, line 58
Cake\Http\Server::run() - CORE/src/Http/Server.php, line 90
[main] - ROOT/webroot/index.php, line 40



2020-06-07 17:20:53 Notice: Notice (8): Trying to get property 'id' of non-object in [/opt/lampp/htdocs/turnieje/src/Controller/UsersController.php, line 70]
Request URL: /login
Referer URL: http://localhost/turnieje/login
Client IP: 127.0.0.1
Trace:
Cake\Error\BaseErrorHandler::handleError() - CORE/src/Error/BaseErrorHandler.php, line 188
DebugKit\Plugin::DebugKit\{closure}() - ROOT/vendor/cakephp/debug_kit/src/Plugin.php, line 105
App\Controller\UsersController::login() - APP/Controller/UsersController.php, line 70
Cake\Controller\Controller::invokeAction() - CORE/src/Controller/Controller.php, line 521
Cake\Controller\ControllerFactory::invoke() - CORE/src/Controller/ControllerFactory.php, line 79
Cake\Http\BaseApplication::handle() - CORE/src/Http/BaseApplication.php, line 229
Cake\Http\Runner::handle() - CORE/src/Http/Runner.php, line 77
Cake\Http\Middleware\BodyParserMiddleware::process() - CORE/src/Http/Middleware/BodyParserMiddleware.php, line 164
Cake\Http\Runner::handle() - CORE/src/Http/Runner.php, line 73
Cake\Http\Runner::handle() - CORE/src/Http/Runner.php, line 77
Cake\Http\Middleware\CsrfProtectionMiddleware::process() - CORE/src/Http/Middleware/CsrfProtectionMiddleware.php, line 138
Cake\Http\Runner::handle() - CORE/src/Http/Runner.php, line 73
Cake\Http\Runner::run() - CORE/src/Http/Runner.php, line 58
Cake\Routing\Middleware\RoutingMiddleware::process() - CORE/src/Routing/Middleware/RoutingMiddleware.php, line 166
Cake\Http\Runner::handle() - CORE/src/Http/Runner.php, line 73
Cake\Routing\Middleware\AssetMiddleware::process() - CORE/src/Routing/Middleware/AssetMiddleware.php, line 68
Cake\Http\Runner::handle() - CORE/src/Http/Runner.php, line 73
Cake\Error\Middleware\ErrorHandlerMiddleware::process() - CORE/src/Error/Middleware/ErrorHandlerMiddleware.php, line 119
Cake\Http\Runner::handle() - CORE/src/Http/Runner.php, line 73
DebugKit\Middleware\DebugKitMiddleware::process() - ROOT/vendor/cakephp/debug_kit/src/Middleware/DebugKitMiddleware.php, line 60
Cake\Http\Runner::handle() - CORE/src/Http/Runner.php, line 73
Cake\Http\Runner::run() - CORE/src/Http/Runner.php, line 58
Cake\Http\Server::run() - CORE/src/Http/Server.php, line 90
[main] - ROOT/webroot/index.php, line 40



2020-06-08 07:40:10 Notice: Notice (1024): Undefined property: PagesController::$Users in /opt/lampp/htdocs/turnieje/src/Controller/PagesController.php on line 59 in [/opt/lampp/htdocs/turnieje/vendor/cakephp/cakephp/src/Controller/Controller.php, line 311]
Request URL: /
Referer URL: http://localhost/turnieje/login
Client IP: 127.0.0.1
Trace:
Cake\Error\BaseErrorHandler::handleError() - CORE/src/Error/BaseErrorHandler.php, line 188
DebugKit\Plugin::DebugKit\{closure}() - ROOT/vendor/cakephp/debug_kit/src/Plugin.php, line 105
Cake\Controller\Controller::__get() - CORE/src/Controller/Controller.php, line 311
App\Controller\PagesController::display() - APP/Controller/PagesController.php, line 59
Cake\Controller\Controller::invokeAction() - CORE/src/Controller/Controller.php, line 521
Cake\Controller\ControllerFactory::invoke() - CORE/src/Controller/ControllerFactory.php, line 79
Cake\Http\BaseApplication::handle() - CORE/src/Http/BaseApplication.php, line 229
Cake\Http\Runner::handle() - CORE/src/Http/Runner.php, line 77
Cake\Http\Middleware\BodyParserMiddleware::process() - CORE/src/Http/Middleware/BodyParserMiddleware.php, line 159
Cake\Http\Runner::handle() - CORE/src/Http/Runner.php, line 73
Authentication\Middleware\AuthenticationMiddleware::process() - ROOT/vendor/cakephp/authentication/src/Middleware/AuthenticationMiddleware.php, line 124
Cake\Http\Runner::handle() - CORE/src/Http/Runner.php, line 73
Cake\Http\Runner::handle() - CORE/src/Http/Runner.php, line 77
Cake\Http\Middleware\CsrfProtectionMiddleware::process() - CORE/src/Http/Middleware/CsrfProtectionMiddleware.php, line 138
Cake\Http\Runner::handle() - CORE/src/Http/Runner.php, line 73
Cake\Http\Runner::run() - CORE/src/Http/Runner.php, line 58
Cake\Routing\Middleware\RoutingMiddleware::process() - CORE/src/Routing/Middleware/RoutingMiddleware.php, line 166
Cake\Http\Runner::handle() - CORE/src/Http/Runner.php, line 73
Cake\Routing\Middleware\AssetMiddleware::process() - CORE/src/Routing/Middleware/AssetMiddleware.php, line 68
Cake\Http\Runner::handle() - CORE/src/Http/Runner.php, line 73
Cake\Error\Middleware\ErrorHandlerMiddleware::process() - CORE/src/Error/Middleware/ErrorHandlerMiddleware.php, line 119
Cake\Http\Runner::handle() - CORE/src/Http/Runner.php, line 73
DebugKit\Middleware\DebugKitMiddleware::process() - ROOT/vendor/cakephp/debug_kit/src/Middleware/DebugKitMiddleware.php, line 60
Cake\Http\Runner::handle() - CORE/src/Http/Runner.php, line 73
Cake\Http\Runner::run() - CORE/src/Http/Runner.php, line 58
Cake\Http\Server::run() - CORE/src/Http/Server.php, line 90
[main] - ROOT/webroot/index.php, line 40



2020-06-08 07:40:22 Notice: Notice (1024): Undefined property: PagesController::$Users in /opt/lampp/htdocs/turnieje/src/Controller/PagesController.php on line 59 in [/opt/lampp/htdocs/turnieje/vendor/cakephp/cakephp/src/Controller/Controller.php, line 311]
Request URL: /
Client IP: 127.0.0.1
Trace:
Cake\Error\BaseErrorHandler::handleError() - CORE/src/Error/BaseErrorHandler.php, line 188
DebugKit\Plugin::DebugKit\{closure}() - ROOT/vendor/cakephp/debug_kit/src/Plugin.php, line 105
Cake\Controller\Controller::__get() - CORE/src/Controller/Controller.php, line 311
App\Controller\PagesController::display() - APP/Controller/PagesController.php, line 59
Cake\Controller\Controller::invokeAction() - CORE/src/Controller/Controller.php, line 521
Cake\Controller\ControllerFactory::invoke() - CORE/src/Controller/ControllerFactory.php, line 79
Cake\Http\BaseApplication::handle() - CORE/src/Http/BaseApplication.php, line 229
Cake\Http\Runner::handle() - CORE/src/Http/Runner.php, line 77
Cake\Http\Middleware\BodyParserMiddleware::process() - CORE/src/Http/Middleware/BodyParserMiddleware.php, line 159
Cake\Http\Runner::handle() - CORE/src/Http/Runner.php, line 73
Authentication\Middleware\AuthenticationMiddleware::process() - ROOT/vendor/cakephp/authentication/src/Middleware/AuthenticationMiddleware.php, line 124
Cake\Http\Runner::handle() - CORE/src/Http/Runner.php, line 73
Cake\Http\Runner::handle() - CORE/src/Http/Runner.php, line 77
Cake\Http\Middleware\CsrfProtectionMiddleware::process() - CORE/src/Http/Middleware/CsrfProtectionMiddleware.php, line 138
Cake\Http\Runner::handle() - CORE/src/Http/Runner.php, line 73
Cake\Http\Runner::run() - CORE/src/Http/Runner.php, line 58
Cake\Routing\Middleware\RoutingMiddleware::process() - CORE/src/Routing/Middleware/RoutingMiddleware.php, line 166
Cake\Http\Runner::handle() - CORE/src/Http/Runner.php, line 73
Cake\Routing\Middleware\AssetMiddleware::process() - CORE/src/Routing/Middleware/AssetMiddleware.php, line 68
Cake\Http\Runner::handle() - CORE/src/Http/Runner.php, line 73
Cake\Error\Middleware\ErrorHandlerMiddleware::process() - CORE/src/Error/Middleware/ErrorHandlerMiddleware.php, line 119
Cake\Http\Runner::handle() - CORE/src/Http/Runner.php, line 73
DebugKit\Middleware\DebugKitMiddleware::process() - ROOT/vendor/cakephp/debug_kit/src/Middleware/DebugKitMiddleware.php, line 60
Cake\Http\Runner::handle() - CORE/src/Http/Runner.php, line 73
Cake\Http\Runner::run() - CORE/src/Http/Runner.php, line 58
Cake\Http\Server::run() - CORE/src/Http/Server.php, line 90
[main] - ROOT/webroot/index.php, line 40



2020-06-08 07:43:03 Notice: Notice (1024): Undefined property: PagesController::$Users in /opt/lampp/htdocs/turnieje/src/Controller/PagesController.php on line 60 in [/opt/lampp/htdocs/turnieje/vendor/cakephp/cakephp/src/Controller/Controller.php, line 311]
Request URL: /
Client IP: 127.0.0.1
Trace:
Cake\Error\BaseErrorHandler::handleError() - CORE/src/Error/BaseErrorHandler.php, line 188
DebugKit\Plugin::DebugKit\{closure}() - ROOT/vendor/cakephp/debug_kit/src/Plugin.php, line 105
Cake\Controller\Controller::__get() - CORE/src/Controller/Controller.php, line 311
App\Controller\PagesController::display() - APP/Controller/PagesController.php, line 60
Cake\Controller\Controller::invokeAction() - CORE/src/Controller/Controller.php, line 521
Cake\Controller\ControllerFactory::invoke() - CORE/src/Controller/ControllerFactory.php, line 79
Cake\Http\BaseApplication::handle() - CORE/src/Http/BaseApplication.php, line 229
Cake\Http\Runner::handle() - CORE/src/Http/Runner.php, line 77
Cake\Http\Middleware\BodyParserMiddleware::process() - CORE/src/Http/Middleware/BodyParserMiddleware.php, line 159
Cake\Http\Runner::handle() - CORE/src/Http/Runner.php, line 73
Authentication\Middleware\AuthenticationMiddleware::process() - ROOT/vendor/cakephp/authentication/src/Middleware/AuthenticationMiddleware.php, line 124
Cake\Http\Runner::handle() - CORE/src/Http/Runner.php, line 73
Cake\Http\Runner::handle() - CORE/src/Http/Runner.php, line 77
Cake\Http\Middleware\CsrfProtectionMiddleware::process() - CORE/src/Http/Middleware/CsrfProtectionMiddleware.php, line 138
Cake\Http\Runner::handle() - CORE/src/Http/Runner.php, line 73
Cake\Http\Runner::run() - CORE/src/Http/Runner.php, line 58
Cake\Routing\Middleware\RoutingMiddleware::process() - CORE/src/Routing/Middleware/RoutingMiddleware.php, line 166
Cake\Http\Runner::handle() - CORE/src/Http/Runner.php, line 73
Cake\Routing\Middleware\AssetMiddleware::process() - CORE/src/Routing/Middleware/AssetMiddleware.php, line 68
Cake\Http\Runner::handle() - CORE/src/Http/Runner.php, line 73
Cake\Error\Middleware\ErrorHandlerMiddleware::process() - CORE/src/Error/Middleware/ErrorHandlerMiddleware.php, line 119
Cake\Http\Runner::handle() - CORE/src/Http/Runner.php, line 73
DebugKit\Middleware\DebugKitMiddleware::process() - ROOT/vendor/cakephp/debug_kit/src/Middleware/DebugKitMiddleware.php, line 60
Cake\Http\Runner::handle() - CORE/src/Http/Runner.php, line 73
Cake\Http\Runner::run() - CORE/src/Http/Runner.php, line 58
Cake\Http\Server::run() - CORE/src/Http/Server.php, line 90
[main] - ROOT/webroot/index.php, line 40



2020-06-08 07:43:36 Notice: Notice (1024): Undefined property: PagesController::$Users in /opt/lampp/htdocs/turnieje/src/Controller/PagesController.php on line 61 in [/opt/lampp/htdocs/turnieje/vendor/cakephp/cakephp/src/Controller/Controller.php, line 311]
Request URL: /
Client IP: 127.0.0.1
Trace:
Cake\Error\BaseErrorHandler::handleError() - CORE/src/Error/BaseErrorHandler.php, line 188
DebugKit\Plugin::DebugKit\{closure}() - ROOT/vendor/cakephp/debug_kit/src/Plugin.php, line 105
Cake\Controller\Controller::__get() - CORE/src/Controller/Controller.php, line 311
App\Controller\PagesController::display() - APP/Controller/PagesController.php, line 61
Cake\Controller\Controller::invokeAction() - CORE/src/Controller/Controller.php, line 521
Cake\Controller\ControllerFactory::invoke() - CORE/src/Controller/ControllerFactory.php, line 79
Cake\Http\BaseApplication::handle() - CORE/src/Http/BaseApplication.php, line 229
Cake\Http\Runner::handle() - CORE/src/Http/Runner.php, line 77
Cake\Http\Middleware\BodyParserMiddleware::process() - CORE/src/Http/Middleware/BodyParserMiddleware.php, line 159
Cake\Http\Runner::handle() - CORE/src/Http/Runner.php, line 73
Authentication\Middleware\AuthenticationMiddleware::process() - ROOT/vendor/cakephp/authentication/src/Middleware/AuthenticationMiddleware.php, line 124
Cake\Http\Runner::handle() - CORE/src/Http/Runner.php, line 73
Cake\Http\Runner::handle() - CORE/src/Http/Runner.php, line 77
Cake\Http\Middleware\CsrfProtectionMiddleware::process() - CORE/src/Http/Middleware/CsrfProtectionMiddleware.php, line 138
Cake\Http\Runner::handle() - CORE/src/Http/Runner.php, line 73
Cake\Http\Runner::run() - CORE/src/Http/Runner.php, line 58
Cake\Routing\Middleware\RoutingMiddleware::process() - CORE/src/Routing/Middleware/RoutingMiddleware.php, line 166
Cake\Http\Runner::handle() - CORE/src/Http/Runner.php, line 73
Cake\Routing\Middleware\AssetMiddleware::process() - CORE/src/Routing/Middleware/AssetMiddleware.php, line 68
Cake\Http\Runner::handle() - CORE/src/Http/Runner.php, line 73
Cake\Error\Middleware\ErrorHandlerMiddleware::process() - CORE/src/Error/Middleware/ErrorHandlerMiddleware.php, line 119
Cake\Http\Runner::handle() - CORE/src/Http/Runner.php, line 73
DebugKit\Middleware\DebugKitMiddleware::process() - ROOT/vendor/cakephp/debug_kit/src/Middleware/DebugKitMiddleware.php, line 60
Cake\Http\Runner::handle() - CORE/src/Http/Runner.php, line 73
Cake\Http\Runner::run() - CORE/src/Http/Runner.php, line 58
Cake\Http\Server::run() - CORE/src/Http/Server.php, line 90
[main] - ROOT/webroot/index.php, line 40



2020-06-08 07:44:39 Notice: Notice (1024): Undefined property: PagesController::$Users in /opt/lampp/htdocs/turnieje/src/Controller/PagesController.php on line 61 in [/opt/lampp/htdocs/turnieje/vendor/cakephp/cakephp/src/Controller/Controller.php, line 311]
Request URL: /
Client IP: 127.0.0.1
Trace:
Cake\Error\BaseErrorHandler::handleError() - CORE/src/Error/BaseErrorHandler.php, line 188
DebugKit\Plugin::DebugKit\{closure}() - ROOT/vendor/cakephp/debug_kit/src/Plugin.php, line 105
Cake\Controller\Controller::__get() - CORE/src/Controller/Controller.php, line 311
App\Controller\PagesController::display() - APP/Controller/PagesController.php, line 61
Cake\Controller\Controller::invokeAction() - CORE/src/Controller/Controller.php, line 521
Cake\Controller\ControllerFactory::invoke() - CORE/src/Controller/ControllerFactory.php, line 79
Cake\Http\BaseApplication::handle() - CORE/src/Http/BaseApplication.php, line 229
Cake\Http\Runner::handle() - CORE/src/Http/Runner.php, line 77
Cake\Http\Middleware\BodyParserMiddleware::process() - CORE/src/Http/Middleware/BodyParserMiddleware.php, line 159
Cake\Http\Runner::handle() - CORE/src/Http/Runner.php, line 73
Authentication\Middleware\AuthenticationMiddleware::process() - ROOT/vendor/cakephp/authentication/src/Middleware/AuthenticationMiddleware.php, line 124
Cake\Http\Runner::handle() - CORE/src/Http/Runner.php, line 73
Cake\Http\Runner::handle() - CORE/src/Http/Runner.php, line 77
Cake\Http\Middleware\CsrfProtectionMiddleware::process() - CORE/src/Http/Middleware/CsrfProtectionMiddleware.php, line 138
Cake\Http\Runner::handle() - CORE/src/Http/Runner.php, line 73
Cake\Http\Runner::run() - CORE/src/Http/Runner.php, line 58
Cake\Routing\Middleware\RoutingMiddleware::process() - CORE/src/Routing/Middleware/RoutingMiddleware.php, line 166
Cake\Http\Runner::handle() - CORE/src/Http/Runner.php, line 73
Cake\Routing\Middleware\AssetMiddleware::process() - CORE/src/Routing/Middleware/AssetMiddleware.php, line 68
Cake\Http\Runner::handle() - CORE/src/Http/Runner.php, line 73
Cake\Error\Middleware\ErrorHandlerMiddleware::process() - CORE/src/Error/Middleware/ErrorHandlerMiddleware.php, line 119
Cake\Http\Runner::handle() - CORE/src/Http/Runner.php, line 73
DebugKit\Middleware\DebugKitMiddleware::process() - ROOT/vendor/cakephp/debug_kit/src/Middleware/DebugKitMiddleware.php, line 60
Cake\Http\Runner::handle() - CORE/src/Http/Runner.php, line 73
Cake\Http\Runner::run() - CORE/src/Http/Runner.php, line 58
Cake\Http\Server::run() - CORE/src/Http/Server.php, line 90
[main] - ROOT/webroot/index.php, line 40



2020-06-08 07:44:47 Notice: Notice (1024): Undefined property: PagesController::$Users in /opt/lampp/htdocs/turnieje/src/Controller/PagesController.php on line 62 in [/opt/lampp/htdocs/turnieje/vendor/cakephp/cakephp/src/Controller/Controller.php, line 311]
Request URL: /
Client IP: 127.0.0.1
Trace:
Cake\Error\BaseErrorHandler::handleError() - CORE/src/Error/BaseErrorHandler.php, line 188
DebugKit\Plugin::DebugKit\{closure}() - ROOT/vendor/cakephp/debug_kit/src/Plugin.php, line 105
Cake\Controller\Controller::__get() - CORE/src/Controller/Controller.php, line 311
App\Controller\PagesController::display() - APP/Controller/PagesController.php, line 62
Cake\Controller\Controller::invokeAction() - CORE/src/Controller/Controller.php, line 521
Cake\Controller\ControllerFactory::invoke() - CORE/src/Controller/ControllerFactory.php, line 79
Cake\Http\BaseApplication::handle() - CORE/src/Http/BaseApplication.php, line 229
Cake\Http\Runner::handle() - CORE/src/Http/Runner.php, line 77
Cake\Http\Middleware\BodyParserMiddleware::process() - CORE/src/Http/Middleware/BodyParserMiddleware.php, line 159
Cake\Http\Runner::handle() - CORE/src/Http/Runner.php, line 73
Authentication\Middleware\AuthenticationMiddleware::process() - ROOT/vendor/cakephp/authentication/src/Middleware/AuthenticationMiddleware.php, line 124
Cake\Http\Runner::handle() - CORE/src/Http/Runner.php, line 73
Cake\Http\Runner::handle() - CORE/src/Http/Runner.php, line 77
Cake\Http\Middleware\CsrfProtectionMiddleware::process() - CORE/src/Http/Middleware/CsrfProtectionMiddleware.php, line 138
Cake\Http\Runner::handle() - CORE/src/Http/Runner.php, line 73
Cake\Http\Runner::run() - CORE/src/Http/Runner.php, line 58
Cake\Routing\Middleware\RoutingMiddleware::process() - CORE/src/Routing/Middleware/RoutingMiddleware.php, line 166
Cake\Http\Runner::handle() - CORE/src/Http/Runner.php, line 73
Cake\Routing\Middleware\AssetMiddleware::process() - CORE/src/Routing/Middleware/AssetMiddleware.php, line 68
Cake\Http\Runner::handle() - CORE/src/Http/Runner.php, line 73
Cake\Error\Middleware\ErrorHandlerMiddleware::process() - CORE/src/Error/Middleware/ErrorHandlerMiddleware.php, line 119
Cake\Http\Runner::handle() - CORE/src/Http/Runner.php, line 73
DebugKit\Middleware\DebugKitMiddleware::process() - ROOT/vendor/cakephp/debug_kit/src/Middleware/DebugKitMiddleware.php, line 60
Cake\Http\Runner::handle() - CORE/src/Http/Runner.php, line 73
Cake\Http\Runner::run() - CORE/src/Http/Runner.php, line 58
Cake\Http\Server::run() - CORE/src/Http/Server.php, line 90
[main] - ROOT/webroot/index.php, line 40



